Watching /nix/store for new store paths ...
compressing and pushing /nix/store/iqkgw5djr1y1hsq8yrb01p0gc15rrbry-linux-config-5.15.53 (236.89 KiB)
compressing and pushing /nix/store/6vibsiriv69xkr189g607f3197739waf-linux-5.15.53-dev (619.36 MiB)
compressing and pushing /nix/store/bhb4ghahdwyqan3nhh46jrbw25qsv0qw-linux-5.15.53 (105.50 MiB)
compressing and pushing /nix/store/q4l230qhxi995vh9wn7xk2gcd09l2m4m-nvidia-x11-515.48.07-5.15.53-bin (132.24 MiB)
compressing and pushing /nix/store/5bj2rsci9nxipsmi0my5j11i68yrxsqf-nvidia-x11-515.48.07-5.15.53 (550.09 MiB)
compressing and pushing /nix/store/h1ddj14ah1r5p1bf6phwkfmbsami42y0-nvidia-x11-515.48.07-5.15.53-lib32 (281.11 MiB)
compressing and pushing /nix/store/np15976p2knz34rf8xc5xaxbwh3mw229-unit-nvidia-hibernate.service (1.46 KiB)
compressing and pushing /nix/store/5bj2rsci9nxipsmi0my5j11i68yrxsqf-nvidia-x11-515.48.07-5.15.53 (550.09 MiB)
compressing and pushing /nix/store/qzwams7icnpghg10d17bxfq9jl4dkvxl-unit-nvidia-suspend.service (1.45 KiB)
compressing and pushing /nix/store/1zn067n5787ipn959ld5s5mn22qmqp7q-unit-nvidia-resume.service (1.48 KiB)
compressing and pushing /nix/store/h1ddj14ah1r5p1bf6phwkfmbsami42y0-nvidia-x11-515.48.07-5.15.53-lib32 (281.11 MiB)
compressing and pushing /nix/store/9n5r3fwqsr7lczmggjr9qhvsr6cc4w2r-nvidia-vaapi-driver-0.0.5 (78.31 KiB)
compressing and pushing /nix/store/6zm6gdrd708gk1frrv452kd85ppywdq7-opengl-drivers-32bit (36.13 KiB)
compressing and pushing /nix/store/q5vm7sqn4lgzvkxz6k2mz7k4dh2hdh89-opengl-drivers (47.52 KiB)
compressing and pushing /nix/store/j5qn0m8sxkpskqvmfggz7yq2bsbc9k9z-nixos-tmpfiles.d (2.02 KiB)
compressing and pushing /nix/store/3as4fz64glzypg9mx0cf0aamqipyigaf-system-generators (96.00 B)
compressing and pushing /nix/store/yihddnaladh2r4n0mwxlgf6zym33q9nd-libva-1.8.3 (309.94 KiB)
compressing and pushing /nix/store/a9di73a9ps46yzjcl1fn5i01rapzv67i-steam-run-usr-multi (3.83 MiB)
compressing and pushing /nix/store/76m7zzygdb63pnfnsf46brgw9grvr0mg-system-shutdown (680.00 B)
compressing and pushing /nix/store/fiw4zkgmy9ikf7szv1his9wxzfjqsp7f-acpi-call-1.2.2-5.15.53 (17.77 KiB)
compressing and pushing /nix/store/q4l230qhxi995vh9wn7xk2gcd09l2m4m-nvidia-x11-515.48.07-5.15.53-bin (132.24 MiB)
compressing and pushing /nix/store/ky5vbi4bx82g3p7mxigi6hivxg2rwscl-steam-run-usr-target (4.19 MiB)
compressing and pushing /nix/store/0j16d5ndycsrxqyv15n21sgq57yv4qk1-steam-usr-multi (3.83 MiB)
compressing and pushing /nix/store/5zhvrcqhc09v9vbmrwfw56irq7r7a2pp-steam-usr-target (4.23 MiB)
compressing and pushing /nix/store/45s5adc7fslvdri9rq0vak280ccyxa7r-tmpfiles.d (3.47 KiB)
compressing and pushing /nix/store/bxg2l4bkkxmk384lqw9xv7rb280d5ji9-Xsetup (3.62 KiB)
compressing and pushing /nix/store/993lshrgqfmym75kmaqvs21finvyw5aj-sddm.conf (1.41 KiB)
compressing and pushing /nix/store/8amxaiyiv4qlbvkqwvqyrsmsks9zagzb-xserver-wrapper (1.28 KiB)
compressing and pushing /nix/store/44qkyacj38v2md4qxyhd5vmz9bj2j9cr-xserver.conf (3.80 KiB)
compressing and pushing /nix/store/ncky226pwsnad6z5pdbzwz69w0chvzxh-steam-run-fhs (161.26 MiB)
compressing and pushing /nix/store/xgp97566vniv69pygy6fq49rsysxcn72-steam-fhs (171.88 MiB)
compressing and pushing /nix/store/whc7c1i32041vdfbwp1fvip12agqn1bp-steam-run (6.80 KiB)
compressing and pushing /nix/store/pnm178v8djv47qh1r250s2aqmf1gvblw-steam-init (848.00 B)
compressing and pushing /nix/store/nw91f1rr93vlj7d7hrazix27111039mz-steam (6.77 KiB)
compressing and pushing /nix/store/78db7lpimybwrxi47r1d5shzb1qx7yf4-steam-wrapper.sh (1.25 KiB)
compressing and pushing /nix/store/3n6jcqz2hb3kaxgxg46gbb1psnfbkwis-steam-run (1.66 KiB)
compressing and pushing /nix/store/h0skqpnzn4w754gflq4m5wfyj96didhz-steam (1.65 KiB)
compressing and pushing /nix/store/b9d1ny29jismdcg200azc9cdjpqw6170-nvidia-settings-515.48.07 (1.64 MiB)
compressing and pushing /nix/store/vcmsipnzwg9675280kf6g347h4zrigkb-zoom-5.11.1.3595 (463.99 MiB)
compressing and pushing /nix/store/kc4vv8nfwqlf77yx3grfr9q9jwkgkvdi-nixos-rebuild (19.32 KiB)
compressing and pushing /nix/store/jkl2k3rivrgp6av65crs8zmqisn72gs6-nixos-install (7.55 KiB)
compressing and pushing /nix/store/ixk3wxi80n1575jrk2zxddq5dwjmklg0-tlp-1.5.0 (540.82 KiB)
compressing and pushing /nix/store/25x1awcp61hfn1nxxd2qi72hmz59y6ig-google-chrome-103.0.5060.114 (267.79 MiB)
compressing and pushing /nix/store/245kl934scln28acwlyg7x5ivlx9wphd-system-path (13.29 MiB)
compressing and pushing /nix/store/izw41cg2viiwqj7j0b7q98qnn2khljdg-dbus-1 (25.45 KiB)
compressing and pushing /nix/store/pbxvvvg3yqc9zma21a3g1n46cmfdgadz-unit-accounts-daemon.service (1.25 KiB)
compressing and pushing /nix/store/v5y5v68mzysgfnkk0l10nspkw2vlz423-unit-polkit.service (1.23 KiB)
compressing and pushing /nix/store/22wzj6ivfqka662d9qydy27b021v6214-unit-dbus.service (1.32 KiB)
compressing and pushing /nix/store/qgplhx6gnpnfpqnpnf6dkmjn38vj0wnf-unit-systemd-fsck-.service (1.29 KiB)
compressing and pushing /nix/store/5mm3b0z393qdlzqffqgpx1qd25i7hdqi-unit-dbus.service (1.23 KiB)
compressing and pushing /nix/store/rs4l5vxzb6csbjdl7pglm96qkzr8jqqs-user-units (14.47 KiB)
compressing and pushing /nix/store/zxa5yb9m0a4xw7ji986ca0wv04hf64gr-unit-tlp.service (1.21 KiB)
compressing and pushing /nix/store/zf16nkcr4zlhi7m5ri826gh7kc2rjgcw-emacs-json-mode-20211011.630 (24.54 KiB)
compressing and pushing /nix/store/zcdmxrwvnwrbv418mgifqbzp5mnna9wv-emacs-magit-section-20220506.1936 (186.86 KiB)
compressing and pushing /nix/store/yp0pgzygzx076jm3z418lzr453p8f3z6-emacs-flycheck-pyflakes-20170330.2311 (7.02 KiB)
compressing and pushing /nix/store/y4fmz5y2r11ml9nx4zriykknlkm4yn9h-emacs-packages-deps (76.88 KiB)
compressing and pushing /nix/store/xwdmcm51blij8z94w202ak62bh5whapz-emacs-transient-20220509.1943 (439.18 KiB)
compressing and pushing /nix/store/vpys6iv2kb680aff67x42x0wn2ws3sbx-emacs-flycheck-20220504.830 (1.06 MiB)
compressing and pushing /nix/store/swiz4xqhipxms8wn8yrkfkps9h0x5ikl-emacs-with-packages-28.1 (11.86 KiB)
compressing and pushing /nix/store/rssypva5mvisv0nf5d6s4x827k5ss3iw-emacs-smart-tabs-mode-20200907.2025 (26.74 KiB)
compressing and pushing /nix/store/rjg5rnz7s7f2fs5ssci59k5wagjhynhy-unit-script-zfs-scrub-start (728.00 B)
compressing and pushing /nix/store/rf02h3y80c39x7j1rf5qg4c1l4dvj6lp-unit-zfs-sync-NIXROOT.service (1.35 KiB)
compressing and pushing /nix/store/r4rjpdr8s1vh2r8a9vq3rj1hlhmm4s3g-unit-tlp-sleep.service (1.19 KiB)
compressing and pushing /nix/store/q5f5lzrdvl3dy5yagwhv2izdadj0ssz0-home-manager-files (98.21 KiB)
compressing and pushing /nix/store/pwbn0z247ykgl15dz0gcbh0f2cyip39l-emacs-auto-complete-20220105.439 (399.41 KiB)
compressing and pushing /nix/store/p5w0f14660ya8cs8y563w57y18vrw2i5-unit-zfs-scrub.service (1.31 KiB)
compressing and pushing /nix/store/ni5aqfkg1rr5a7kml86258igiqrsd31l-emacs-compat-28.1.1.1 (231.68 KiB)
compressing and pushing /nix/store/mqdzaszka1ay57d2w1gvgismqx6mc58d-unit-home-manager-chrism.service (1.56 KiB)
compressing and pushing /nix/store/ma29a4jg4c12x5c51imf0cmgyncllcjn-unit-script-nix-gc-start (648.00 B)
compressing and pushing /nix/store/m5q9dlpi78g2dclmjpnpg795xvfh2xxi-keybase.service (512.00 B)
compressing and pushing /nix/store/l2ppwlp8gns6qlk9w6k8mc1phpc5kxlg-emacs-whitespace-cleanup-mode-20210510.533 (22.98 KiB)
compressing and pushing /nix/store/l0cbvjn5xgypjniv00pp0ck37mpwhq8x-emacs.service (696.00 B)
compressing and pushing /nix/store/km0r33vf04nkl09gbxc8l1x5wikmv9mf-emacs-popup-20211231.1823 (132.10 KiB)
compressing and pushing /nix/store/k1484prp98zb9gwb3q3pc660yhh75nqc-unit-nix-gc.service (1.27 KiB)
compressing and pushing /nix/store/k0zbvn297rl06f0bgpqjww3lzj66w8ki-emacs-json-snatcher-20200916.1717 (25.69 KiB)
compressing and pushing /nix/store/jscld9md6sj39qyn3rw0a4y1qrpll7p3-unit-script-zfs-sync-NIXROOT-start (688.00 B)
compressing and pushing /nix/store/id9dbcvaann0dki5k3j0r2j19fpa5shd-unit-systemd-sysctl.service (1.23 KiB)
compressing and pushing /nix/store/i9xhbkxgvnpmal0d6kjd0npwp1lcilvg-emacs-nadvice-0.3 (8.56 KiB)
compressing and pushing /nix/store/i93yi25cfpb54rqlf6ag3g3lizgjrrkb-emacs-let-alist-1.0.6 (13.60 KiB)
compressing and pushing /nix/store/i8xxagqw507g4q8afyjs5h0n3w2ly5zr-emacs-python-mode-20220512.1206 (1.88 MiB)
compressing and pushing /nix/store/i4yp7ba2xj78ym3ynl79wsnkxgh1c44z-nix.conf (832.00 B)
compressing and pushing /nix/store/hnkqz2zvyj2a3jsfrq5362bq6abc98ql-unit-nix-optimise.service (1.31 KiB)
compressing and pushing /nix/store/h7gjh4jpjr2x8vhxrp6p9kv67723rm8q-emacs-web-mode-20220319.653 (860.03 KiB)
compressing and pushing /nix/store/fd78gpk2snwwk7h8b8srqq848gyqx88p-kbfs.service (760.00 B)
compressing and pushing /nix/store/dr5qp2wx9ipz6656cq3sxlm294rj1awn-hosts (184.00 B)
compressing and pushing /nix/store/c7jv727j6axf92qw7py974i8sr56jqx9-hm_.configzsh.zshrc (4.00 KiB)
compressing and pushing /nix/store/a9k85kjbv2bljvyrbi4b6v81z2lrq12z-unit-lenovo_fix.service (1.15 KiB)
compressing and pushing /nix/store/8nqzy193nh2h5l5bq6rn34pma7bw5i6y-unit-nscd.service (2.02 KiB)
compressing and pushing /nix/store/7z3xjz85rw36wbyav269nzy3icpz0rbj-home-manager-generation (9.32 KiB)
compressing and pushing /nix/store/74krzy5hcv524541spyz3b84v533l3rl-unit-nix-daemon.service (1.80 KiB)
compressing and pushing /nix/store/6y3zzj9fd5j1ki5qm1gyclnxfj2mkjk1-man-pages (118.97 KiB)
compressing and pushing /nix/store/6kcyb3cw92xmksa5sn4ybhqgb5w7ndnb-etc-60-nixos.conf (504.00 B)
compressing and pushing /nix/store/644a8jb7vyn0hzyalm4kzkj2bhq0bzwh-emacs-nix-mode-20220505.1706 (272.22 KiB)
compressing and pushing /nix/store/4cdv2l04h8kskrmqn0qq29j4qpq33asj-emacs-pkg-info-20150517.1143 (28.54 KiB)
compressing and pushing /nix/store/4ak4sp9cm8fmayldi3rhzr49ff3nxad9-olive.desktop (904.00 B)
compressing and pushing /nix/store/4290ssmy9gw8vx4slm80q2pc35g84zxf-home-manager-path (2.85 MiB)
compressing and pushing /nix/store/29ih6rwggna1ifh4fdf26n1dcwpwc04m-sshd.conf-validated (1.06 KiB)
compressing and pushing /nix/store/1qyd452sl8ddcb9xyykv9q4gxi4sj6ic-unit-systemd-udevd.service (3.09 KiB)
compressing and pushing /nix/store/1gz12xk6vmy0640rkh9n93nc7kdi3p2q-unit-sshd.service (1.86 KiB)
compressing and pushing /nix/store/1csj5s445lxrwhxz82rvb5ylhvcqyds3-unit-systemd-modules-load.service (1.25 KiB)
compressing and pushing /nix/store/065isk47ifdxjxhs11q0jnip6hl1g2hg-system-units (111.61 KiB)
compressing and pushing /nix/store/xqpds5i06iad4vvc35ifmxzx06w3fbwn-gen-hostid (120.00 B)
compressing and pushing /nix/store/wn78i7d25v47whn24az2y0wac4fwsd1b-udev-rules (181.71 KiB)
compressing and pushing /nix/store/scxy4v0sq5lcv4inf4g7jpcgiscnpy9i-etc-environment (3.60 KiB)
compressing and pushing /nix/store/rd0dhjxj9zijp95kwjc6j5i6q4q50jsb-firmware (377.49 KiB)
compressing and pushing /nix/store/q04pl3kygc9nn6mvi9jidvbbgxx7f1wk-fc-cache (984.85 KiB)
compressing and pushing /nix/store/pr7cm647aawfn2i646c9mphdjq2wy6yh-etc-firmware.conf (208.00 B)
compressing and pushing /nix/store/lm3j900lqs0vkd1aszacdqssyd3knp2y-etc (56.03 KiB)
compressing and pushing /nix/store/izsx2i7pfm9g954nxi6k6nk5ag2wm5gl-fc-00-nixos-cache.conf (1.16 KiB)
compressing and pushing /nix/store/i8izhjdsh29f8yq2zxhd3h0cisjzjkza-etc-hostname (128.00 B)
compressing and pushing /nix/store/hg8h0mmppn30va28zx3wmnv76knwj93l-fontconfig-etc (344.00 B)
compressing and pushing /nix/store/hf3njvcn0xwj3j9sknwssb0avmgpzv8l-fontconfig-conf (7.53 KiB)
compressing and pushing /nix/store/gk0x5k9q5ldrrhklkz8jdvl7jhxfqy8q-etc-profile (736.00 B)
compressing and pushing /nix/store/c5ahdjam4lg88xx95k65wy3pii25n3lc-hwdb.bin (9.31 MiB)
compressing and pushing /nix/store/9ymp9dbf6m98h5vklwmyy1awf7cdalnw-facetimehd-calibration-5.1.5769-xz (54.48 KiB)
compressing and pushing /nix/store/67vnwsymf57r8zzknn9phhsc6fjjgndh-set-environment (4.79 KiB)
compressing and pushing /nix/store/ipgfc1cl7r0dgxwf7vs20wx6arwnbynf-zfs-kernel-2.1.5-5.15.53 (4.21 MiB)
compressing and pushing /nix/store/1ifa45cshddjsa6lxhb7a1icq2d739b8-kernel-modules (6.40 MiB)
compressing and pushing /nix/store/zjygkid7mz03pdzvcnf74408vaivc889-linux-5.15.53-modules (6.40 MiB)
compressing and pushing /nix/store/268rxdhpbk87ng2k32y8hrzw9xpdlz90-linux-5.15.53-modules-shrunk (6.88 MiB)
compressing and pushing /nix/store/n98sis61mi0qphcr7pjb040vav2sgccy-stage-1-init.sh (20.73 KiB)
compressing and pushing /nix/store/nzk4p9xf9jyqyhzdsymmjjxl8197jrak-udev-rules (35.42 KiB)
compressing and pushing /nix/store/n1srrkigmf00lnq8m71aq2mgr79yspkz-link-units (792.00 B)
compressing and pushing /nix/store/7rwj7wzwpq04nr3g3fli4s5gd1j0zxgi-extra-utils (28.18 MiB)
compressing and pushing /nix/store/268rxdhpbk87ng2k32y8hrzw9xpdlz90-linux-5.15.53-modules-shrunk (6.88 MiB)
compressing and pushing /nix/store/llzh1zvibn3m9sw7hq6r9ajaj7x9kn2l-initrd-linux-5.15.53 (22.31 MiB)
compressing and pushing /nix/store/7rwj7wzwpq04nr3g3fli4s5gd1j0zxgi-extra-utils (28.18 MiB)
compressing and pushing /nix/store/268rxdhpbk87ng2k32y8hrzw9xpdlz90-linux-5.15.53-modules-shrunk (6.88 MiB)
compressing and pushing /nix/store/pwh924xw5pdnbwl27z29fll7d6g4sf68-install-grub.sh (416.00 B)
compressing and pushing /nix/store/9n9rxm4afzm0inflwdxaf7czjj2b6rav-grub-config.xml (4.08 KiB)
compressing and pushing /nix/store/6in0cq8k8i0jj59a4gw9lcgfj5lq37ii-nixos-system-thinknix51-22.05.1604.cf034a867e0 (66.77 KiB)
compressing and pushing /nix/store/10zzrc7xbfwcz3r5yx7w3382d0jlnvm2-xkb-validated (112.00 B)
Stopped watching /nix/store and waiting for queue to empty ...
Done.
